<?xml version="1.0" encoding="UTF-8"?>
<testng-results ignored="0" total="1" passed="1" failed="0" skipped="0">
  <reporter-output>
  </reporter-output>
  <suite started-at="2024-01-08T15:21:35 IST" name="Suite" finished-at="2024-01-08T15:21:54 IST" duration-ms="18856">
    <groups>
    </groups>
    <test started-at="2024-01-08T15:21:35 IST" name="Test" finished-at="2024-01-08T15:21:54 IST" duration-ms="18856">
      <class name="Testcases.Login_test">
        <test-method is-config="true" signature="openApplication()[pri:0, instance:Testcases.Login_test@73a1e9a9]" started-at="2024-01-08T15:21:35 IST" name="openApplication" finished-at="2024-01-08T15:21:48 IST" duration-ms="13445" status="PASS">
          <reporter-output>
          </reporter-output>
        </test-method> <!-- openApplication -->
        <test-method signature="logintest()[pri:0, instance:Testcases.Login_test@73a1e9a9]" started-at="2024-01-08T15:21:48 IST" name="logintest" finished-at="2024-01-08T15:21:53 IST" duration-ms="4810" status="PASS">
          <reporter-output>
          </reporter-output>
        </test-method> <!-- logintest -->
        <test-method is-config="true" signature="CloseApplication()[pri:0, instance:Testcases.Login_test@73a1e9a9]" started-at="2024-01-08T15:21:53 IST" name="CloseApplication" finished-at="2024-01-08T15:21:54 IST" duration-ms="512" status="PASS">
          <reporter-output>
          </reporter-output>
        </test-method> <!-- CloseApplication -->
      </class> <!-- Testcases.Login_test -->
    </test> <!-- Test -->
  </suite> <!-- Suite -->
</testng-results>
